\BOOKMARK [1][-]{section.1}{Introduction}{}% 1
\BOOKMARK [1][-]{section.2}{neural\040coarse-graining}{}% 2
\BOOKMARK [2][-]{subsection.2.1}{The\040advantage\040of\040NCG}{section.2}% 3
\BOOKMARK [3][-]{subsubsection.2.1.1}{Resist\040to\040noise}{subsection.2.1}% 4
\BOOKMARK [3][-]{subsubsection.2.1.2}{Operate\040on\040deterministic\040and\040abstract\040level}{subsection.2.1}% 5
\BOOKMARK [3][-]{subsubsection.2.1.3}{Predictive\040power}{subsection.2.1}% 6
\BOOKMARK [3][-]{subsubsection.2.1.4}{Reduce\040energy\040cost}{subsection.2.1}% 7
\BOOKMARK [1][-]{section.3}{Non-trivial\040Information\040Closure}{}% 8
\BOOKMARK [2][-]{subsection.3.1}{Mathematical\040definition\040of\040information\040closure}{section.3}% 9
\BOOKMARK [2][-]{subsection.3.2}{Non-trivial\040information\040closure}{section.3}% 10
\BOOKMARK [2][-]{subsection.3.3}{how\040to\040achieve\040information\040closure}{section.3}% 11
\BOOKMARK [2][-]{subsection.3.4}{information\040closure\040and\040Level\040Identification}{section.3}% 12
\BOOKMARK [1][-]{section.4}{My\040claim\040of\040consciousness}{}% 13
\BOOKMARK [2][-]{subsection.4.1}{Information\040and\040system\040theory}{section.4}% 14
\BOOKMARK [1][-]{section.5}{Biological\040Evidence\040of\040information\040closure\040in\040neural\040system}{}% 15
\BOOKMARK [1][-]{section.6}{Relation\040to\040empirical\040findings}{}% 16
\BOOKMARK [2][-]{subsection.6.1}{Explain\040normal\040and\040abnormal\040conscious/non-conscious\040experience}{section.6}% 17
\BOOKMARK [2][-]{subsection.6.2}{Deterministic\040vs\040probabilistic}{section.6}% 18
\BOOKMARK [1][-]{section.7}{Comparison\040with\040other\040theories}{}% 19
\BOOKMARK [2][-]{subsection.7.1}{Intermediate\040Level\040Theory}{section.7}% 20
\BOOKMARK [2][-]{subsection.7.2}{Global\040Workspace}{section.7}% 21
\BOOKMARK [3][-]{subsubsection.7.2.1}{Ignition\040in\040GWT}{subsection.7.2}% 22
\BOOKMARK [2][-]{subsection.7.3}{Sensorimotor\040contingency}{section.7}% 23
\BOOKMARK [2][-]{subsection.7.4}{IIT}{section.7}% 24
\BOOKMARK [2][-]{subsection.7.5}{Internal\040simulation\040and\040self-modeling}{section.7}% 25
\BOOKMARK [1][-]{section.8}{counterintuitive\040prediction}{}% 26
\BOOKMARK [1][-]{section.9}{Evolution\040of\040conscious\040mind}{}% 27
\BOOKMARK [1][-]{section.10}{Conclusion}{}% 28
