\BOOKMARK [1][-]{section.1}{Introduction}{}% 1
\BOOKMARK [1][-]{section*.4}{Non-trivial informational closure[color=SpringGreen]@Martin:todo}{}% 2
\BOOKMARK [2][-]{section*.5}{Informational closure and level identification [color=Thistle, size=]maybe not necessary}{section*.4}% 3
\BOOKMARK [2][-]{section*.6}{Biological Creature may try to achieve closure even the environment is not [color=Thistle, size=]Maybe not necessary}{section*.4}% 4
\BOOKMARK [1][-]{section.3}{Neural coarse-graining}{}% 5
\BOOKMARK [2][-]{subsection.3.1}{intro}{section.3}% 6
\BOOKMARK [2][-]{subsection.3.2}{Coarse-graining in neural system}{section.3}% 7
\BOOKMARK [2][-]{section*.9}{[color=SpringGreen]@Martin:todoNeural coarse-graining}{section.3}% 8
\BOOKMARK [2][-]{subsection.3.4}{The advantage of NCG}{section.3}% 9
\BOOKMARK [2][-]{section*.11}{NTIC at specific levels of neural coarse-graining[color=SpringGreen]any reference?}{section.3}% 10
\BOOKMARK [1][-]{section.4}{A neural coarse graining theory of consciousness}{}% 11
\BOOKMARK [2][-]{subsection.4.1}{Measure of conscious level}{section.4}% 12
\BOOKMARK [2][-]{subsection.4.2}{Conscious contents}{section.4}% 13
\BOOKMARK [2][-]{section*.16}{Sensory hierarchy and neural coarse-graining [color=Red]This is super important. I need to deal with this very carefully. Need to completely rewording}{section.4}% 14
\BOOKMARK [2][-]{subsection.4.4}{Information and system theory}{section.4}% 15
\BOOKMARK [2][-]{subsection.4.5}{Empirical approaches of measuring neural informational closure}{section.4}% 16
\BOOKMARK [1][-]{section.5}{Conscious vs unconscious processing}{}% 17
\BOOKMARK [1][-]{section.6}{Comparison with other theories}{}% 18
\BOOKMARK [2][-]{subsection.6.1}{Theories about level of abstraction and coarse-graining}{section.6}% 19
\BOOKMARK [3][-]{subsubsection.6.1.1}{Intermediate Level Theory}{subsection.6.1}% 20
\BOOKMARK [3][-]{subsubsection.6.1.2}{The difference between ILT and our theory}{subsection.6.1}% 21
\BOOKMARK [2][-]{subsection.6.2}{First-order theories}{section.6}% 22
\BOOKMARK [2][-]{subsection.6.3}{Global workspace theory}{section.6}% 23
\BOOKMARK [3][-]{subsubsection.6.3.1}{Global availability and Broadcasting}{subsection.6.3}% 24
\BOOKMARK [3][-]{subsubsection.6.3.2}{Code translation}{subsection.6.3}% 25
\BOOKMARK [3][-]{subsubsection.6.3.3}{Stability}{subsection.6.3}% 26
\BOOKMARK [3][-]{subsubsection.6.3.4}{Broadcasting}{subsection.6.3}% 27
\BOOKMARK [3][-]{subsubsection.6.3.5}{Ignition}{subsection.6.3}% 28
\BOOKMARK [2][-]{subsection.6.4}{Higher Order Thought theory of consciousness}{section.6}% 29
\BOOKMARK [3][-]{subsubsection.6.4.1}{Metacognition}{subsection.6.4}% 30
\BOOKMARK [2][-]{subsection.6.5}{Sensorimotor contingency}{section.6}% 31
\BOOKMARK [2][-]{subsection.6.6}{Predictive Processing}{section.6}% 32
\BOOKMARK [3][-]{subsubsection.6.6.1}{statistical learning/prediction is not conscious}{subsection.6.6}% 33
\BOOKMARK [2][-]{section*.30}{Integrated information theory[color=SpringGreen]Help from Jun?}{section.6}% 34
\BOOKMARK [3][-]{section*.31}{Hoel's theory[color=SpringGreen]Help from Martin?}{section*.30}% 35
\BOOKMARK [2][-]{subsection.6.8}{Internal simulation and self-modelling theory}{section.6}% 36
\BOOKMARK [1][-]{section.7}{Future works}{}% 37
\BOOKMARK [2][-]{subsection.7.1}{About location of NTIC}{section.7}% 38
\BOOKMARK [2][-]{subsection.7.2}{Attention}{section.7}% 39
\BOOKMARK [2][-]{subsection.7.3}{Finding coarse-grain function}{section.7}% 40
\BOOKMARK [1][-]{section.8}{Conclusion}{}% 41
\BOOKMARK [2][-]{subsection.8.1}{Unconscious Processing}{section.8}% 42
\BOOKMARK [2][-]{subsection.8.2}{reflexive behaviours is unconscious \(or environment-state dependent processes\)}{section.8}% 43
\BOOKMARK [3][-]{subsubsection.8.2.1}{Reflection}{subsection.8.2}% 44
\BOOKMARK [3][-]{subsubsection.8.2.2}{Blindsight}{subsection.8.2}% 45
\BOOKMARK [3][-]{subsubsection.8.2.3}{procedure memory}{subsection.8.2}% 46
\BOOKMARK [3][-]{subsubsection.8.2.4}{cerebellum}{subsection.8.2}% 47
\BOOKMARK [2][-]{subsection.8.3}{Under the level of informational closure}{section.8}% 48
\BOOKMARK [3][-]{subsubsection.8.3.1}{statistical inference}{subsection.8.3}% 49
\BOOKMARK [3][-]{subsubsection.8.3.2}{subliminal perception}{subsection.8.3}% 50
\BOOKMARK [3][-]{subsubsection.8.3.3}{Libet Experiments}{subsection.8.3}% 51
\BOOKMARK [2][-]{subsection.8.4}{Deterministic vs probabilistic}{section.8}% 52
\BOOKMARK [2][-]{subsection.8.5}{Perceptual overflow}{section.8}% 53
\BOOKMARK [2][-]{subsection.8.6}{Volition and freewill}{section.8}% 54
\BOOKMARK [2][-]{subsection.8.7}{Planning}{section.8}% 55
\BOOKMARK [2][-]{subsection.8.8}{Imagination}{section.8}% 56
\BOOKMARK [2][-]{subsection.8.9}{Dream vs non-dream sleep}{section.8}% 57
\BOOKMARK [2][-]{subsection.8.10}{Binocular rivalry}{section.8}% 58
\BOOKMARK [2][-]{subsection.8.11}{Hallucinations}{section.8}% 59
\BOOKMARK [2][-]{subsection.8.12}{Synaesthesia}{section.8}% 60
\BOOKMARK [2][-]{subsection.8.13}{informational closure}{section.8}% 61
\BOOKMARK [2][-]{subsection.8.14}{Prediction on split-brain \(vs IIT\)}{section.8}% 62
