\BOOKMARK [1][-]{section.1}{Introduction}{}% 1
\BOOKMARK [1][-]{section.2}{neural\040coarse-graining}{}% 2
\BOOKMARK [2][-]{subsection.2.1}{coarse-graining\040in\040neural\040system}{section.2}% 3
\BOOKMARK [2][-]{subsection.2.2}{Single\040neurons\040are\040noisy}{section.2}% 4
\BOOKMARK [2][-]{subsection.2.3}{firing\040rate\040coding}{section.2}% 5
\BOOKMARK [2][-]{subsection.2.4}{Population\040coding}{section.2}% 6
\BOOKMARK [2][-]{subsection.2.5}{sensory\040hierarchy}{section.2}% 7
\BOOKMARK [2][-]{subsection.2.6}{The\040advantage\040of\040NCG}{section.2}% 8
\BOOKMARK [3][-]{subsubsection.2.6.1}{Resist\040to\040noise}{subsection.2.6}% 9
\BOOKMARK [3][-]{subsubsection.2.6.2}{Operate\040on\040deterministic\040and\040abstract\040level}{subsection.2.6}% 10
\BOOKMARK [3][-]{subsubsection.2.6.3}{Predictive\040power}{subsection.2.6}% 11
\BOOKMARK [3][-]{subsubsection.2.6.4}{Reduce\040energy\040cost}{subsection.2.6}% 12
\BOOKMARK [2][-]{subsection.2.7}{neural\040coarse-graining\040in\040deep\040learning}{section.2}% 13
\BOOKMARK [1][-]{section.3}{Non-trivial\040Information\040Closure}{}% 14
\BOOKMARK [2][-]{subsection.3.1}{Mathematical\040definition\040of\040information\040closure}{section.3}% 15
\BOOKMARK [2][-]{subsection.3.2}{Non-trivial\040information\040closure}{section.3}% 16
\BOOKMARK [2][-]{subsection.3.3}{how\040to\040achieve\040non-trivial\040information\040closure}{section.3}% 17
\BOOKMARK [2][-]{subsection.3.4}{information\040closure\040and\040Level\040Identification}{section.3}% 18
\BOOKMARK [2][-]{subsection.3.5}{Biological\040Creature\040may\040try\040to\040achieve\040closure\040even\040the\040environment\040is\040not\040}{section.3}% 19
\BOOKMARK [1][-]{section.4}{A\040neural\040coarse\040graining\040theory\040of\040consciousness}{}% 20
\BOOKMARK [2][-]{subsection.4.1}{Measure\040of\040conscious\040level}{section.4}% 21
\BOOKMARK [2][-]{subsection.4.2}{Conscious\040contents}{section.4}% 22
\BOOKMARK [2][-]{subsection.4.3}{Sensory\040hierarchy\040and\040neural\040coarse-graining}{section.4}% 23
\BOOKMARK [2][-]{subsection.4.4}{Information\040and\040system\040theory}{section.4}% 24
\BOOKMARK [2][-]{subsection.4.5}{Emperical\040approaches\040of\040measuring\040neural\040information\040closure}{section.4}% 25
\BOOKMARK [1][-]{section.5}{Biological\040Evidence\040of\040information\040closure\040in\040neural\040system}{}% 26
\BOOKMARK [1][-]{section.6}{Relation\040to\040empirical\040findings\040in\040neuroscience\040and\040consciousness\040studies}{}% 27
\BOOKMARK [2][-]{subsection.6.1}{reflexive\040behavioural\040is\040unconscious}{section.6}% 28
\BOOKMARK [2][-]{subsection.6.2}{Explain\040normal\040and\040abnormal\040conscious/non-conscious\040experience}{section.6}% 29
\BOOKMARK [2][-]{subsection.6.3}{Deterministic\040vs\040probabilistic}{section.6}% 30
\BOOKMARK [1][-]{section.7}{Comparison\040with\040other\040theories}{}% 31
\BOOKMARK [2][-]{subsection.7.1}{Intermediate\040Level\040Theory}{section.7}% 32
\BOOKMARK [3][-]{subsubsection.7.1.1}{The\040difference\040between\040ILT\040and\040our\040theory}{subsection.7.1}% 33
\BOOKMARK [2][-]{subsection.7.2}{first-order\040theories}{section.7}% 34
\BOOKMARK [2][-]{subsection.7.3}{Global\040Workspace\040Theory\040\(GWT\)}{section.7}% 35
\BOOKMARK [3][-]{subsubsection.7.3.1}{Global\040availability\040and\040Broadcasting}{subsection.7.3}% 36
\BOOKMARK [3][-]{subsubsection.7.3.2}{Code\040translation}{subsection.7.3}% 37
\BOOKMARK [3][-]{subsubsection.7.3.3}{Stability}{subsection.7.3}% 38
\BOOKMARK [3][-]{subsubsection.7.3.4}{broadcasting}{subsection.7.3}% 39
\BOOKMARK [3][-]{subsubsection.7.3.5}{Ignition}{subsection.7.3}% 40
\BOOKMARK [2][-]{subsection.7.4}{Higher\040Order\040Thought\040theory\040of\040consciousness}{section.7}% 41
\BOOKMARK [3][-]{subsubsection.7.4.1}{Metacognition}{subsection.7.4}% 42
\BOOKMARK [2][-]{subsection.7.5}{Sensorimotor\040contingency}{section.7}% 43
\BOOKMARK [2][-]{subsection.7.6}{Predictive\040Brain}{section.7}% 44
\BOOKMARK [2][-]{subsection.7.7}{IIT}{section.7}% 45
\BOOKMARK [3][-]{subsubsection.7.7.1}{Hoel's\040theory}{subsection.7.7}% 46
\BOOKMARK [2][-]{subsection.7.8}{Internal\040simulation\040and\040self-modeling}{section.7}% 47
\BOOKMARK [1][-]{section.8}{Counter-intuitive\040prediction}{}% 48
\BOOKMARK [2][-]{subsection.8.1}{Prediction\040on\040split-brain\040\(vs\040IIT\)}{section.8}% 49
\BOOKMARK [1][-]{section.9}{Future\040work}{}% 50
\BOOKMARK [2][-]{subsection.9.1}{Brain\040area}{section.9}% 51
\BOOKMARK [1][-]{section.10}{Evolution\040of\040conscious\040mind\040\(not\040sure\040but\040if\040I\040have\040time\)}{}% 52
\BOOKMARK [1][-]{section.11}{Conclusion}{}% 53
